<?xml version="1.0" encoding="utf-8"?><testsuites name="pytest tests"><testsuite name="pytest" errors="0" failures="0" skipped="0" tests="14" time="1.327" timestamp="2026-06-03T08:14:10.481638+00:00" hostname="agent-env-b2b400a0-887e-4232-aeb2-c8126cadc2b8"><testcase classname="backend.tests.test_auth_admin_tools" name="test_auth_config_defaults" time="0.233" /><testcase classname="backend.tests.test_auth_admin_tools" name="test_auth_login_admin_ok" time="0.046" /><testcase classname="backend.tests.test_auth_admin_tools" name="test_auth_login_bad_credentials" time="0.044" /><testcase classname="backend.tests.test_auth_admin_tools" name="test_auth_me_admin" time="0.088" /><testcase classname="backend.tests.test_auth_admin_tools" name="test_auth_logout_204" time="0.043" /><testcase classname="backend.tests.test_auth_admin_tools" name="test_admin_tenants_requires_auth" time="0.043" /><testcase classname="backend.tests.test_auth_admin_tools" name="test_admin_tenants_list_has_demo" time="0.044" /><testcase classname="backend.tests.test_auth_admin_tools" name="test_admin_tenants_crud" time="0.277" /><testcase classname="backend.tests.test_auth_admin_tools" name="test_create_writer_user_and_login" time="0.214" /><testcase classname="backend.tests.test_auth_admin_tools" name="test_tools_convert_csv" time="0.045" /><testcase classname="backend.tests.test_auth_admin_tools" name="test_tools_convert_xlsx_returns_501" time="0.042" /><testcase classname="backend.tests.test_auth_admin_tools" name="test_tools_convert_dmn" time="0.044" /><testcase classname="backend.tests.test_auth_admin_tools" name="test_login_page_serves" time="0.045" /><testcase classname="backend.tests.test_auth_admin_tools" name="test_auth_js_asset" time="0.044" /></testsuite></testsuites>