<?xml version="1.0" encoding="utf-8"?><testsuites name="pytest tests"><testsuite name="pytest" errors="0" failures="0" skipped="0" tests="14" time="2.075" timestamp="2026-06-03T10:00:17.042839+00:00" hostname="agent-env-b2b400a0-887e-4232-aeb2-c8126cadc2b8"><testcase classname="backend.tests.test_query_advanced.TestQuery2SingleCondition" name="test_endswith_email_returns_three" time="0.352" /><testcase classname="backend.tests.test_query_advanced.TestQuery2SingleCondition" name="test_startswith_case_insensitive" time="0.124" /><testcase classname="backend.tests.test_query_advanced.TestQuery2SingleCondition" name="test_isnotnull_tags" time="0.106" /><testcase classname="backend.tests.test_query_advanced.TestQuery2MultiCondition" name="test_and_endswith_and_in" time="0.106" /><testcase classname="backend.tests.test_query_advanced.TestQuery2MultiCondition" name="test_or_connector_role_admin_or_viewer" time="0.100" /><testcase classname="backend.tests.test_query_advanced.TestQuery2InOperator" name="test_in_array_form" time="0.113" /><testcase classname="backend.tests.test_query_advanced.TestQuery2InOperator" name="test_in_csv_form" time="0.152" /><testcase classname="backend.tests.test_query_advanced.TestQuery2InOperator" name="test_notin_csv" time="0.162" /><testcase classname="backend.tests.test_query_advanced.TestQuery2OtherOps" name="test_contains" time="0.117" /><testcase classname="backend.tests.test_query_advanced.TestQuery2OtherOps" name="test_between_dates" time="0.141" /><testcase classname="backend.tests.test_query_advanced.TestQuery2OtherOps" name="test_regex" time="0.145" /><testcase classname="backend.tests.test_query_advanced.TestQuery2OtherOps" name="test_missing_table_400" time="0.097" /><testcase classname="backend.tests.test_query_advanced.TestQueryLegacyCompat" name="test_legacy_equals" time="0.117" /><testcase classname="backend.tests.test_query_advanced.TestQueryLegacyCompat" name="test_legacy_endpoint_still_exists" time="0.163" /></testsuite></testsuites>