<?xml version="1.0" encoding="UTF-8"?>
<testsuite xmlns:xsi="http://www.w3.org/2001/XMLSchema-instance" xsi:noNamespaceSchemaLocation="https://maven.apache.org/surefire/maven-surefire-plugin/xsd/surefire-test-report.xsd" version="3.0.2" name="io.valkeyry.plugin.core.PluginEngineMockServerTest" time="0.552" tests="1" errors="0" skipped="0" failures="0">
  <properties>
[...]
</properties>
  <testcase name="runDeclaresThenBatchIngestsAllEntries(Path)" classname="io.valkeyry.plugin.core.PluginEngineMockServerTest" time="0.549">
    <system-out><![CDATA[INFO Loaded manifest with 1 table(s) → http://localhost:39781
INFO · customers: declaring schema…
INFO   → registered id=00000000-0000-0000-0000-000000000001 configVersion=1
INFO   → submitted=2 inserted=2 duplicates=0
]]></system-out>
  </testcase>
</testsuite>